<?xml version="1.0" encoding="utf-8"?><testsuites name="pytest tests"><testsuite name="pytest" errors="0" failures="0" skipped="0" tests="24" time="4.771" timestamp="2026-07-29T08:26:26.179875+00:00" hostname="agent-env-db852cf1-8d93-4722-89e7-43acb39cb19d"><testcase classname="tests.backend_test" name="test_health" time="0.266" /><testcase classname="tests.backend_test" name="test_login_success" time="0.327" /><testcase classname="tests.backend_test" name="test_login_wrong_password" time="0.331" /><testcase classname="tests.backend_test" name="test_me_with_cookies" time="0.433" /><testcase classname="tests.backend_test" name="test_me_without_auth" time="0.134" /><testcase classname="tests.backend_test" name="test_logout_clears_cookies" time="0.438" /><testcase classname="tests.backend_test" name="test_gallery_categories" time="0.130" /><testcase classname="tests.backend_test" name="test_gallery_list_all" time="0.126" /><testcase classname="tests.backend_test" name="test_gallery_list_filter" time="0.097" /><testcase classname="tests.backend_test" name="test_gallery_list_invalid_category" time="0.096" /><testcase classname="tests.backend_test" name="test_gallery_create_no_auth" time="0.099" /><testcase classname="tests.backend_test" name="test_gallery_create_and_delete" time="0.223" /><testcase classname="tests.backend_test" name="test_gallery_create_invalid_category" time="0.042" /><testcase classname="tests.backend_test" name="test_gallery_create_invalid_image" time="0.043" /><testcase classname="tests.backend_test" name="test_gallery_delete_no_auth" time="0.098" /><testcase classname="tests.backend_test" name="test_products_list_public" time="0.100" /><testcase classname="tests.backend_test" name="test_products_create_no_auth" time="0.091" /><testcase classname="tests.backend_test" name="test_products_create_invalid_image" time="0.043" /><testcase classname="tests.backend_test" name="test_products_crud" time="0.475" /><testcase classname="tests.backend_test" name="test_products_update_missing" time="0.045" /><testcase classname="tests.backend_test" name="test_settings_get_public" time="0.098" /><testcase classname="tests.backend_test" name="test_settings_update_no_auth" time="0.107" /><testcase classname="tests.backend_test" name="test_settings_update_admin" time="0.276" /><testcase classname="tests.backend_test" name="test_contact_submit" time="0.098" /></testsuite></testsuites>