<?xml version="1.0" encoding="utf-8"?><testsuites name="pytest tests"><testsuite name="pytest" errors="0" failures="0" skipped="0" tests="16" time="3.535" timestamp="2026-07-29T08:12:15.449284+00:00" hostname="agent-env-db852cf1-8d93-4722-89e7-43acb39cb19d"><testcase classname="tests.backend_test" name="test_health" time="0.252" /><testcase classname="tests.backend_test" name="test_login_success" time="0.371" /><testcase classname="tests.backend_test" name="test_login_wrong_password" time="0.353" /><testcase classname="tests.backend_test" name="test_me_with_cookies" time="0.412" /><testcase classname="tests.backend_test" name="test_me_without_auth" time="0.108" /><testcase classname="tests.backend_test" name="test_logout_clears_cookies" time="0.409" /><testcase classname="tests.backend_test" name="test_gallery_categories" time="0.134" /><testcase classname="tests.backend_test" name="test_gallery_list_all" time="0.129" /><testcase classname="tests.backend_test" name="test_gallery_list_filter" time="0.097" /><testcase classname="tests.backend_test" name="test_gallery_list_invalid_category" time="0.096" /><testcase classname="tests.backend_test" name="test_gallery_create_no_auth" time="0.091" /><testcase classname="tests.backend_test" name="test_gallery_create_and_delete" time="0.268" /><testcase classname="tests.backend_test" name="test_gallery_create_invalid_category" time="0.046" /><testcase classname="tests.backend_test" name="test_gallery_create_invalid_image" time="0.045" /><testcase classname="tests.backend_test" name="test_gallery_delete_no_auth" time="0.098" /><testcase classname="tests.backend_test" name="test_contact_submit" time="0.107" /></testsuite></testsuites>